#! /usr/bin/vvp
:ivl_version "11.0 (stable)";
:ivl_delay_selection "TYPICAL";
:vpi_time_precision + 0;
:vpi_module "/usr/lib/x86_64-linux-gnu/ivl/system.vpi";
:vpi_module "/usr/lib/x86_64-linux-gnu/ivl/vhdl_sys.vpi";
:vpi_module "/usr/lib/x86_64-linux-gnu/ivl/vhdl_textio.vpi";
:vpi_module "/usr/lib/x86_64-linux-gnu/ivl/v2005_math.vpi";
:vpi_module "/usr/lib/x86_64-linux-gnu/ivl/va_math.vpi";
S_0x5570c9b766b0 .scope module, "testbench" "testbench" 2 2;
 .timescale 0 0;
v0x5570c9bdee30_0 .net "bus", 15 0, v0x5570c9bdd530_0;  1 drivers
v0x5570c9bdef10_0 .var "clock", 0 0;
v0x5570c9bdefb0_0 .var "iin", 15 0;
v0x5570c9bdf0a0_0 .var "resetn", 0 0;
S_0x5570c9b76840 .scope module, "p" "processador" 2 10, 3 9 0, S_0x5570c9b766b0;
 .timescale 0 0;
    .port_info 0 /INPUT 1 "clk";
    .port_info 1 /INPUT 16 "iin";
    .port_info 2 /INPUT 1 "resetn";
    .port_info 3 /OUTPUT 16 "outProcessador";
v0x5570c9bda0a0_0 .net "a", 15 0, v0x5570c9bb4ef0_0;  1 drivers
v0x5570c9bdc9c0_0 .net "a_enable", 0 0, v0x5570c9bdb050_0;  1 drivers
v0x5570c9bdcad0_0 .net "bus", 15 0, v0x5570c9bd7cb0_0;  1 drivers
v0x5570c9bdcb70_0 .net "bus1", 15 0, v0x5570c9bd8ab0_0;  1 drivers
v0x5570c9bdcc60_0 .net "clear", 0 0, v0x5570c9bdb120_0;  1 drivers
v0x5570c9bdcda0_0 .net "clk", 0 0, v0x5570c9bdef10_0;  1 drivers
v0x5570c9bdce40_0 .net "cont", 1 0, v0x5570c9bd81a0_0;  1 drivers
v0x5570c9bdcf50_0 .net "iin", 15 0, v0x5570c9bdefb0_0;  1 drivers
v0x5570c9bdd010_0 .var "iin9", 8 0;
v0x5570c9bdd0b0_0 .net "imediat", 15 0, v0x5570c9bd8610_0;  1 drivers
v0x5570c9bdd150_0 .net "immediate_select", 0 0, v0x5570c9bdb2f0_0;  1 drivers
v0x5570c9bdd240_0 .net "negativo", 0 0, v0x5570c9bdb550_0;  1 drivers
v0x5570c9bdd330_0 .net "opSelect", 0 0, v0x5570c9bdb5f0_0;  1 drivers
v0x5570c9bdd420_0 .net "out", 15 0, v0x5570c9bd9d40_0;  1 drivers
v0x5570c9bdd530_0 .var "outProcessador", 15 0;
v0x5570c9bdd610_0 .net "r", 15 0, v0x5570c9bd46f0_0;  1 drivers
v0x5570c9bdd720_0 .net "r0", 15 0, v0x5570c9bd4d10_0;  1 drivers
v0x5570c9bdd940_0 .net "r0_enable", 0 0, v0x5570c9bdb9d0_0;  1 drivers
v0x5570c9bdda30_0 .net "r1", 15 0, v0x5570c9bd5300_0;  1 drivers
v0x5570c9bddb40_0 .net "r1_enable", 0 0, v0x5570c9bdbaa0_0;  1 drivers
v0x5570c9bddc30_0 .net "r2", 15 0, v0x5570c9bd58b0_0;  1 drivers
v0x5570c9bddd40_0 .net "r2_enable", 0 0, v0x5570c9bdbb70_0;  1 drivers
v0x5570c9bdde30_0 .net "r3", 15 0, v0x5570c9bd5e20_0;  1 drivers
v0x5570c9bddf40_0 .net "r3_enable", 0 0, v0x5570c9bdbc40_0;  1 drivers
v0x5570c9bde030_0 .net "r4", 15 0, v0x5570c9bd6400_0;  1 drivers
v0x5570c9bde140_0 .net "r4_enable", 0 0, v0x5570c9bdbd10_0;  1 drivers
v0x5570c9bde230_0 .net "r5", 15 0, v0x5570c9bd6a30_0;  1 drivers
v0x5570c9bde340_0 .net "r5_enable", 0 0, v0x5570c9bdbef0_0;  1 drivers
v0x5570c9bde430_0 .net "r6", 15 0, v0x5570c9bd70f0_0;  1 drivers
v0x5570c9bde540_0 .net "r6_enable", 0 0, v0x5570c9bdbfc0_0;  1 drivers
v0x5570c9bde630_0 .net "r7", 15 0, v0x5570c9bd76d0_0;  1 drivers
v0x5570c9bde740_0 .net "r7_enable", 0 0, v0x5570c9bdc090_0;  1 drivers
v0x5570c9bde830_0 .net "r_enable", 0 0, v0x5570c9bdc160_0;  1 drivers
v0x5570c9bdeb30_0 .net "r_select", 0 0, v0x5570c9bdc230_0;  1 drivers
v0x5570c9bdec20_0 .net "reg_select", 7 0, v0x5570c9bdc300_0;  1 drivers
v0x5570c9bded30_0 .net "resetn", 0 0, v0x5570c9bdf0a0_0;  1 drivers
E_0x5570c9b37680 .event edge, v0x5570c9bb5360_0;
S_0x5570c9b7fe60 .scope module, "Ra" "register" 3 107, 4 1 0, S_0x5570c9b76840;
 .timescale 0 0;
    .port_info 0 /INPUT 16 "in";
    .port_info 1 /INPUT 1 "enable";
    .port_info 2 /INPUT 1 "clk";
    .port_info 3 /OUTPUT 16 "out";
v0x5570c9bb5d60_0 .net "clk", 0 0, v0x5570c9bdef10_0;  alias, 1 drivers
v0x5570c9bb5860_0 .net "enable", 0 0, v0x5570c9bdb050_0;  alias, 1 drivers
v0x5570c9bb5360_0 .net "in", 15 0, v0x5570c9bd7cb0_0;  alias, 1 drivers
v0x5570c9bb4ef0_0 .var "out", 15 0;
E_0x5570c9b6fba0 .event negedge, v0x5570c9bb5d60_0;
S_0x5570c9bd44a0 .scope module, "Rr" "register" 3 106, 4 1 0, S_0x5570c9b76840;
 .timescale 0 0;
    .port_info 0 /INPUT 16 "in";
    .port_info 1 /INPUT 1 "enable";
    .port_info 2 /INPUT 1 "clk";
    .port_info 3 /OUTPUT 16 "out";
v0x5570c9bb4aa0_0 .net "clk", 0 0, v0x5570c9bdef10_0;  alias, 1 drivers
v0x5570c9bb7160_0 .net "enable", 0 0, v0x5570c9bdc160_0;  alias, 1 drivers
v0x5570c9b38350_0 .net "in", 15 0, v0x5570c9bd9d40_0;  alias, 1 drivers
v0x5570c9bd46f0_0 .var "out", 15 0;
S_0x5570c9bd4880 .scope module, "Rr0" "register" 3 98, 4 1 0, S_0x5570c9b76840;
 .timescale 0 0;
    .port_info 0 /INPUT 16 "in";
    .port_info 1 /INPUT 1 "enable";
    .port_info 2 /INPUT 1 "clk";
    .port_info 3 /OUTPUT 16 "out";
v0x5570c9bd4a90_0 .net "clk", 0 0, v0x5570c9bdef10_0;  alias, 1 drivers
v0x5570c9bd4b80_0 .net "enable", 0 0, v0x5570c9bdb9d0_0;  alias, 1 drivers
v0x5570c9bd4c40_0 .net "in", 15 0, v0x5570c9bd7cb0_0;  alias, 1 drivers
v0x5570c9bd4d10_0 .var "out", 15 0;
S_0x5570c9bd4e80 .scope module, "Rr1" "register" 3 99, 4 1 0, S_0x5570c9b76840;
 .timescale 0 0;
    .port_info 0 /INPUT 16 "in";
    .port_info 1 /INPUT 1 "enable";
    .port_info 2 /INPUT 1 "clk";
    .port_info 3 /OUTPUT 16 "out";
v0x5570c9bd5060_0 .net "clk", 0 0, v0x5570c9bdef10_0;  alias, 1 drivers
v0x5570c9bd5120_0 .net "enable", 0 0, v0x5570c9bdbaa0_0;  alias, 1 drivers
v0x5570c9bd51e0_0 .net "in", 15 0, v0x5570c9bd7cb0_0;  alias, 1 drivers
v0x5570c9bd5300_0 .var "out", 15 0;
S_0x5570c9bd5460 .scope module, "Rr2" "register" 3 100, 4 1 0, S_0x5570c9b76840;
 .timescale 0 0;
    .port_info 0 /INPUT 16 "in";
    .port_info 1 /INPUT 1 "enable";
    .port_info 2 /INPUT 1 "clk";
    .port_info 3 /OUTPUT 16 "out";
v0x5570c9bd5690_0 .net "clk", 0 0, v0x5570c9bdef10_0;  alias, 1 drivers
v0x5570c9bd5750_0 .net "enable", 0 0, v0x5570c9bdbb70_0;  alias, 1 drivers
v0x5570c9bd5810_0 .net "in", 15 0, v0x5570c9bd7cb0_0;  alias, 1 drivers
v0x5570c9bd58b0_0 .var "out", 15 0;
S_0x5570c9bd5a40 .scope module, "Rr3" "register" 3 101, 4 1 0, S_0x5570c9b76840;
 .timescale 0 0;
    .port_info 0 /INPUT 16 "in";
    .port_info 1 /INPUT 1 "enable";
    .port_info 2 /INPUT 1 "clk";
    .port_info 3 /OUTPUT 16 "out";
v0x5570c9bd5bd0_0 .net "clk", 0 0, v0x5570c9bdef10_0;  alias, 1 drivers
v0x5570c9bd5c90_0 .net "enable", 0 0, v0x5570c9bdbc40_0;  alias, 1 drivers
v0x5570c9bd5d50_0 .net "in", 15 0, v0x5570c9bd7cb0_0;  alias, 1 drivers
v0x5570c9bd5e20_0 .var "out", 15 0;
S_0x5570c9bd5fb0 .scope module, "Rr4" "register" 3 102, 4 1 0, S_0x5570c9b76840;
 .timescale 0 0;
    .port_info 0 /INPUT 16 "in";
    .port_info 1 /INPUT 1 "enable";
    .port_info 2 /INPUT 1 "clk";
    .port_info 3 /OUTPUT 16 "out";
v0x5570c9bd61b0_0 .net "clk", 0 0, v0x5570c9bdef10_0;  alias, 1 drivers
v0x5570c9bd6270_0 .net "enable", 0 0, v0x5570c9bdbd10_0;  alias, 1 drivers
v0x5570c9bd6330_0 .net "in", 15 0, v0x5570c9bd7cb0_0;  alias, 1 drivers
v0x5570c9bd6400_0 .var "out", 15 0;
S_0x5570c9bd6590 .scope module, "Rr5" "register" 3 103, 4 1 0, S_0x5570c9b76840;
 .timescale 0 0;
    .port_info 0 /INPUT 16 "in";
    .port_info 1 /INPUT 1 "enable";
    .port_info 2 /INPUT 1 "clk";
    .port_info 3 /OUTPUT 16 "out";
v0x5570c9bd67e0_0 .net "clk", 0 0, v0x5570c9bdef10_0;  alias, 1 drivers
v0x5570c9bd68a0_0 .net "enable", 0 0, v0x5570c9bdbef0_0;  alias, 1 drivers
v0x5570c9bd6960_0 .net "in", 15 0, v0x5570c9bd7cb0_0;  alias, 1 drivers
v0x5570c9bd6a30_0 .var "out", 15 0;
S_0x5570c9bd6bc0 .scope module, "Rr6" "register" 3 104, 4 1 0, S_0x5570c9b76840;
 .timescale 0 0;
    .port_info 0 /INPUT 16 "in";
    .port_info 1 /INPUT 1 "enable";
    .port_info 2 /INPUT 1 "clk";
    .port_info 3 /OUTPUT 16 "out";
v0x5570c9bd6ea0_0 .net "clk", 0 0, v0x5570c9bdef10_0;  alias, 1 drivers
v0x5570c9bd6f60_0 .net "enable", 0 0, v0x5570c9bdbfc0_0;  alias, 1 drivers
v0x5570c9bd7020_0 .net "in", 15 0, v0x5570c9bd7cb0_0;  alias, 1 drivers
v0x5570c9bd70f0_0 .var "out", 15 0;
S_0x5570c9bd7280 .scope module, "Rr7" "register" 3 105, 4 1 0, S_0x5570c9b76840;
 .timescale 0 0;
    .port_info 0 /INPUT 16 "in";
    .port_info 1 /INPUT 1 "enable";
    .port_info 2 /INPUT 1 "clk";
    .port_info 3 /OUTPUT 16 "out";
v0x5570c9bd7480_0 .net "clk", 0 0, v0x5570c9bdef10_0;  alias, 1 drivers
v0x5570c9bd7540_0 .net "enable", 0 0, v0x5570c9bdc090_0;  alias, 1 drivers
v0x5570c9bd7600_0 .net "in", 15 0, v0x5570c9bd7cb0_0;  alias, 1 drivers
v0x5570c9bd76d0_0 .var "out", 15 0;
S_0x5570c9bd7860 .scope module, "c2" "compl2" 3 53, 5 1 0, S_0x5570c9b76840;
 .timescale 0 0;
    .port_info 0 /INPUT 16 "in";
    .port_info 1 /INPUT 1 "controle";
    .port_info 2 /OUTPUT 16 "out";
v0x5570c9bd7af0_0 .net "controle", 0 0, v0x5570c9bdb550_0;  alias, 1 drivers
v0x5570c9bd7bd0_0 .net "in", 15 0, v0x5570c9bd8ab0_0;  alias, 1 drivers
v0x5570c9bd7cb0_0 .var "out", 15 0;
E_0x5570c9b5ab30 .event edge, v0x5570c9bd7af0_0, v0x5570c9bd7bd0_0;
S_0x5570c9bd7dd0 .scope module, "contad" "contador" 3 57, 6 1 0, S_0x5570c9b76840;
 .timescale 0 0;
    .port_info 0 /INPUT 1 "clock";
    .port_info 1 /INPUT 1 "clear";
    .port_info 2 /OUTPUT 2 "out";
v0x5570c9bd8000_0 .net "clear", 0 0, v0x5570c9bdb120_0;  alias, 1 drivers
v0x5570c9bd80e0_0 .net "clock", 0 0, v0x5570c9bdef10_0;  alias, 1 drivers
v0x5570c9bd81a0_0 .var "out", 1 0;
S_0x5570c9bd82f0 .scope module, "ext" "extensor" 3 55, 7 1 0, S_0x5570c9b76840;
 .timescale 0 0;
    .port_info 0 /INPUT 16 "inn";
    .port_info 1 /OUTPUT 16 "out";
v0x5570c9bd8510_0 .net "inn", 15 0, v0x5570c9bdefb0_0;  alias, 1 drivers
v0x5570c9bd8610_0 .var "out", 15 0;
E_0x5570c9bba410 .event edge, v0x5570c9bd8510_0;
S_0x5570c9bd8750 .scope module, "m" "mult" 3 81, 8 1 0, S_0x5570c9b76840;
 .timescale 0 0;
    .port_info 0 /INPUT 16 "imediat";
    .port_info 1 /INPUT 16 "r0";
    .port_info 2 /INPUT 16 "r1";
    .port_info 3 /INPUT 16 "r2";
    .port_info 4 /INPUT 16 "r3";
    .port_info 5 /INPUT 16 "r4";
    .port_info 6 /INPUT 16 "r5";
    .port_info 7 /INPUT 16 "r6";
    .port_info 8 /INPUT 16 "r7";
    .port_info 9 /INPUT 16 "r";
    .port_info 10 /INPUT 1 "imediat_select";
    .port_info 11 /INPUT 8 "reg_select";
    .port_info 12 /INPUT 1 "r_select";
    .port_info 13 /OUTPUT 16 "bus";
v0x5570c9bd8ab0_0 .var "bus", 15 0;
v0x5570c9bd8bc0_0 .net "imediat", 15 0, v0x5570c9bd8610_0;  alias, 1 drivers
v0x5570c9bd8c90_0 .net "imediat_select", 0 0, v0x5570c9bdb2f0_0;  alias, 1 drivers
v0x5570c9bd8d60_0 .net "r", 15 0, v0x5570c9bd46f0_0;  alias, 1 drivers
v0x5570c9bd8e30_0 .net "r0", 15 0, v0x5570c9bd4d10_0;  alias, 1 drivers
v0x5570c9bd8f20_0 .net "r1", 15 0, v0x5570c9bd5300_0;  alias, 1 drivers
v0x5570c9bd8ff0_0 .net "r2", 15 0, v0x5570c9bd58b0_0;  alias, 1 drivers
v0x5570c9bd90c0_0 .net "r3", 15 0, v0x5570c9bd5e20_0;  alias, 1 drivers
v0x5570c9bd9190_0 .net "r4", 15 0, v0x5570c9bd6400_0;  alias, 1 drivers
v0x5570c9bd9260_0 .net "r5", 15 0, v0x5570c9bd6a30_0;  alias, 1 drivers
v0x5570c9bd9330_0 .net "r6", 15 0, v0x5570c9bd70f0_0;  alias, 1 drivers
v0x5570c9bd9400_0 .net "r7", 15 0, v0x5570c9bd76d0_0;  alias, 1 drivers
v0x5570c9bd94d0_0 .net "r_select", 0 0, v0x5570c9bdc230_0;  alias, 1 drivers
v0x5570c9bd9570_0 .net "reg_select", 7 0, v0x5570c9bdc300_0;  alias, 1 drivers
E_0x5570c9bba590 .event edge, v0x5570c9bd94d0_0, v0x5570c9bd9570_0, v0x5570c9bd8c90_0;
S_0x5570c9bd9810 .scope module, "u" "ula" 3 97, 9 1 0, S_0x5570c9b76840;
 .timescale 0 0;
    .port_info 0 /INPUT 16 "in_a";
    .port_info 1 /INPUT 16 "in_b";
    .port_info 2 /INPUT 1 "op_select";
    .port_info 3 /OUTPUT 16 "out";
v0x5570c9bd9ac0_0 .net "in_a", 15 0, v0x5570c9bb4ef0_0;  alias, 1 drivers
v0x5570c9bd9bd0_0 .net "in_b", 15 0, v0x5570c9bd7cb0_0;  alias, 1 drivers
v0x5570c9bd9c70_0 .net "op_select", 0 0, v0x5570c9bdb5f0_0;  alias, 1 drivers
v0x5570c9bd9d40_0 .var "out", 15 0;
E_0x5570c9bd9a40 .event edge, v0x5570c9bd9c70_0, v0x5570c9bb4ef0_0, v0x5570c9bb5360_0;
S_0x5570c9bd9ec0 .scope module, "uc" "unidade_controle" 3 59, 10 2 0, S_0x5570c9b76840;
 .timescale 0 0;
    .port_info 0 /INPUT 9 "in";
    .port_info 1 /INPUT 1 "resetn";
    .port_info 2 /INPUT 2 "cont";
    .port_info 3 /OUTPUT 8 "reg_select";
    .port_info 4 /OUTPUT 1 "r_select";
    .port_info 5 /OUTPUT 1 "immediate_select";
    .port_info 6 /OUTPUT 1 "r0_enable";
    .port_info 7 /OUTPUT 1 "r1_enable";
    .port_info 8 /OUTPUT 1 "r2_enable";
    .port_info 9 /OUTPUT 1 "r3_enable";
    .port_info 10 /OUTPUT 1 "r4_enable";
    .port_info 11 /OUTPUT 1 "r5_enable";
    .port_info 12 /OUTPUT 1 "r6_enable";
    .port_info 13 /OUTPUT 1 "r7_enable";
    .port_info 14 /OUTPUT 1 "a_enable";
    .port_info 15 /OUTPUT 1 "r_enable";
    .port_info 16 /OUTPUT 1 "opSelect";
    .port_info 17 /OUTPUT 1 "clear";
    .port_info 18 /OUTPUT 1 "negativo";
v0x5570c9bdb050_0 .var "a_enable", 0 0;
v0x5570c9bdb120_0 .var "clear", 0 0;
v0x5570c9bdb1f0_0 .net "cont", 1 0, v0x5570c9bd81a0_0;  alias, 1 drivers
v0x5570c9bdb2f0_0 .var "immediate_select", 0 0;
v0x5570c9bdb3c0_0 .net "in", 8 0, v0x5570c9bdd010_0;  1 drivers
v0x5570c9bdb4b0_0 .var "negar", 0 0;
v0x5570c9bdb550_0 .var "negativo", 0 0;
v0x5570c9bdb5f0_0 .var "opSelect", 0 0;
v0x5570c9bdb6c0_0 .var "opcode", 2 0;
v0x5570c9bdb760_0 .net "outEnableRegister", 7 0, v0x5570c9bdaf30_0;  1 drivers
v0x5570c9bdb830_0 .net "outRegister1", 7 0, v0x5570c9bda600_0;  1 drivers
v0x5570c9bdb900_0 .net "outRegister2", 7 0, v0x5570c9bdaae0_0;  1 drivers
v0x5570c9bdb9d0_0 .var "r0_enable", 0 0;
v0x5570c9bdbaa0_0 .var "r1_enable", 0 0;
v0x5570c9bdbb70_0 .var "r2_enable", 0 0;
v0x5570c9bdbc40_0 .var "r3_enable", 0 0;
v0x5570c9bdbd10_0 .var "r4_enable", 0 0;
v0x5570c9bdbef0_0 .var "r5_enable", 0 0;
v0x5570c9bdbfc0_0 .var "r6_enable", 0 0;
v0x5570c9bdc090_0 .var "r7_enable", 0 0;
v0x5570c9bdc160_0 .var "r_enable", 0 0;
v0x5570c9bdc230_0 .var "r_select", 0 0;
v0x5570c9bdc300_0 .var "reg_select", 7 0;
v0x5570c9bdc3d0_0 .var "register1", 2 0;
v0x5570c9bdc470_0 .var "register2", 2 0;
v0x5570c9bdc510_0 .net "resetn", 0 0, v0x5570c9bdf0a0_0;  alias, 1 drivers
v0x5570c9bdc5b0_0 .var "saida", 0 0;
v0x5570c9bdc650_0 .var "status", 1 0;
E_0x5570c9bda140 .event edge, v0x5570c9bd81a0_0, v0x5570c9bdb3c0_0;
E_0x5570c9bda1c0 .event posedge, v0x5570c9bdc510_0;
S_0x5570c9bda220 .scope module, "d1" "decodificador" 10 38, 11 1 0, S_0x5570c9bd9ec0;
 .timescale 0 0;
    .port_info 0 /INPUT 3 "in";
    .port_info 1 /OUTPUT 8 "out";
v0x5570c9bda500_0 .net "in", 2 0, v0x5570c9bdc3d0_0;  1 drivers
v0x5570c9bda600_0 .var "out", 7 0;
E_0x5570c9bda480 .event edge, v0x5570c9bda500_0;
S_0x5570c9bda740 .scope module, "d2" "decodificador" 10 39, 11 1 0, S_0x5570c9bd9ec0;
 .timescale 0 0;
    .port_info 0 /INPUT 3 "in";
    .port_info 1 /OUTPUT 8 "out";
v0x5570c9bda9e0_0 .net "in", 2 0, v0x5570c9bdc470_0;  1 drivers
v0x5570c9bdaae0_0 .var "out", 7 0;
E_0x5570c9bda960 .event edge, v0x5570c9bda9e0_0;
S_0x5570c9bdac20 .scope module, "d3" "decodificador" 10 40, 11 1 0, S_0x5570c9bd9ec0;
 .timescale 0 0;
    .port_info 0 /INPUT 3 "in";
    .port_info 1 /OUTPUT 8 "out";
v0x5570c9bdae40_0 .net "in", 2 0, v0x5570c9bdc3d0_0;  alias, 1 drivers
v0x5570c9bdaf30_0 .var "out", 7 0;
    .scope S_0x5570c9bd7860;
T_0 ;
    %wait E_0x5570c9b5ab30;
    %load/vec4 v0x5570c9bd7af0_0;
    %flag_set/vec4 8;
    %jmp/0xz  T_0.0, 8;
    %load/vec4 v0x5570c9bd7bd0_0;
    %inv;
    %pushi/vec4 1, 0, 16;
    %add;
    %assign/vec4 v0x5570c9bd7cb0_0, 0;
    %jmp T_0.1;
T_0.0 ;
    %load/vec4 v0x5570c9bd7bd0_0;
    %assign/vec4 v0x5570c9bd7cb0_0, 0;
T_0.1 ;
    %jmp T_0;
    .thread T_0, $push;
    .scope S_0x5570c9bd82f0;
T_1 ;
    %wait E_0x5570c9bba410;
    %load/vec4 v0x5570c9bd8510_0;
    %parti/s 1, 9, 5;
    %pad/u 32;
    %cmpi/e 1, 0, 32;
    %jmp/0xz  T_1.0, 4;
    %pushi/vec4 63, 0, 6;
    %load/vec4 v0x5570c9bd8510_0;
    %parti/s 10, 0, 2;
    %concat/vec4; draw_concat_vec4
    %assign/vec4 v0x5570c9bd8610_0, 0;
    %jmp T_1.1;
T_1.0 ;
    %pushi/vec4 0, 0, 6;
    %load/vec4 v0x5570c9bd8510_0;
    %parti/s 10, 0, 2;
    %concat/vec4; draw_concat_vec4
    %assign/vec4 v0x5570c9bd8610_0, 0;
T_1.1 ;
    %jmp T_1;
    .thread T_1, $push;
    .scope S_0x5570c9bd7dd0;
T_2 ;
    %pushi/vec4 0, 0, 2;
    %store/vec4 v0x5570c9bd81a0_0, 0, 2;
    %end;
    .thread T_2;
    .scope S_0x5570c9bd7dd0;
T_3 ;
    %wait E_0x5570c9b6fba0;
    %load/vec4 v0x5570c9bd8000_0;
    %nor/r;
    %flag_set/vec4 8;
    %jmp/0xz  T_3.0, 8;
    %load/vec4 v0x5570c9bd81a0_0;
    %addi 1, 0, 2;
    %store/vec4 v0x5570c9bd81a0_0, 0, 2;
    %jmp T_3.1;
T_3.0 ;
    %pushi/vec4 0, 0, 2;
    %store/vec4 v0x5570c9bd81a0_0, 0, 2;
T_3.1 ;
    %jmp T_3;
    .thread T_3;
    .scope S_0x5570c9bda220;
T_4 ;
    %wait E_0x5570c9bda480;
    %pushi/vec4 0, 0, 8;
    %store/vec4 v0x5570c9bda600_0, 0, 8;
    %pushi/vec4 1, 0, 1;
    %pushi/vec4 7, 0, 32;
    %load/vec4 v0x5570c9bda500_0;
    %pad/u 32;
    %sub;
    %ix/vec4 4;
    %store/vec4 v0x5570c9bda600_0, 4, 1;
    %jmp T_4;
    .thread T_4, $push;
    .scope S_0x5570c9bda740;
T_5 ;
    %wait E_0x5570c9bda960;
    %pushi/vec4 0, 0, 8;
    %store/vec4 v0x5570c9bdaae0_0, 0, 8;
    %pushi/vec4 1, 0, 1;
    %pushi/vec4 7, 0, 32;
    %load/vec4 v0x5570c9bda9e0_0;
    %pad/u 32;
    %sub;
    %ix/vec4 4;
    %store/vec4 v0x5570c9bdaae0_0, 4, 1;
    %jmp T_5;
    .thread T_5, $push;
    .scope S_0x5570c9bdac20;
T_6 ;
    %wait E_0x5570c9bda480;
    %pushi/vec4 0, 0, 8;
    %store/vec4 v0x5570c9bdaf30_0, 0, 8;
    %pushi/vec4 1, 0, 1;
    %pushi/vec4 7, 0, 32;
    %load/vec4 v0x5570c9bdae40_0;
    %pad/u 32;
    %sub;
    %ix/vec4 4;
    %store/vec4 v0x5570c9bdaf30_0, 4, 1;
    %jmp T_6;
    .thread T_6, $push;
    .scope S_0x5570c9bd9ec0;
T_7 ;
    %wait E_0x5570c9bda1c0;
    %load/vec4 v0x5570c9bdc510_0;
    %pad/u 32;
    %cmpi/e 1, 0, 32;
    %jmp/0xz  T_7.0, 4;
    %pushi/vec4 1, 0, 1;
    %assign/vec4 v0x5570c9bdb120_0, 0;
    %jmp T_7.1;
T_7.0 ;
    %pushi/vec4 0, 0, 1;
    %assign/vec4 v0x5570c9bdb120_0, 0;
T_7.1 ;
    %jmp T_7;
    .thread T_7;
    .scope S_0x5570c9bd9ec0;
T_8 ;
    %wait E_0x5570c9bda140;
    %load/vec4 v0x5570c9bdb3c0_0;
    %parti/s 1, 8, 5;
    %load/vec4 v0x5570c9bdb3c0_0;
    %parti/s 1, 7, 4;
    %concat/vec4; draw_concat_vec4
    %load/vec4 v0x5570c9bdb3c0_0;
    %parti/s 1, 6, 4;
    %concat/vec4; draw_concat_vec4
    %store/vec4 v0x5570c9bdb6c0_0, 0, 3;
    %load/vec4 v0x5570c9bdb3c0_0;
    %parti/s 1, 5, 4;
    %load/vec4 v0x5570c9bdb3c0_0;
    %parti/s 1, 4, 4;
    %concat/vec4; draw_concat_vec4
    %load/vec4 v0x5570c9bdb3c0_0;
    %parti/s 1, 3, 3;
    %concat/vec4; draw_concat_vec4
    %store/vec4 v0x5570c9bdc3d0_0, 0, 3;
    %load/vec4 v0x5570c9bdb3c0_0;
    %parti/s 1, 2, 3;
    %load/vec4 v0x5570c9bdb3c0_0;
    %parti/s 1, 1, 2;
    %concat/vec4; draw_concat_vec4
    %load/vec4 v0x5570c9bdb3c0_0;
    %parti/s 1, 0, 2;
    %concat/vec4; draw_concat_vec4
    %store/vec4 v0x5570c9bdc470_0, 0, 3;
    %pushi/vec4 0, 0, 1;
    %assign/vec4 v0x5570c9bdb120_0, 0;
    %load/vec4 v0x5570c9bdb1f0_0;
    %dup/vec4;
    %pushi/vec4 0, 0, 2;
    %cmp/u;
    %jmp/1 T_8.0, 6;
    %dup/vec4;
    %pushi/vec4 1, 0, 2;
    %cmp/u;
    %jmp/1 T_8.1, 6;
    %dup/vec4;
    %pushi/vec4 2, 0, 2;
    %cmp/u;
    %jmp/1 T_8.2, 6;
    %dup/vec4;
    %pushi/vec4 3, 0, 2;
    %cmp/u;
    %jmp/1 T_8.3, 6;
    %jmp T_8.4;
T_8.0 ;
    %pushi/vec4 0, 0, 1;
    %assign/vec4 v0x5570c9bdc230_0, 0;
    %pushi/vec4 0, 0, 1;
    %assign/vec4 v0x5570c9bdb9d0_0, 0;
    %pushi/vec4 0, 0, 1;
    %assign/vec4 v0x5570c9bdbaa0_0, 0;
    %pushi/vec4 0, 0, 1;
    %assign/vec4 v0x5570c9bdbb70_0, 0;
    %pushi/vec4 0, 0, 1;
    %assign/vec4 v0x5570c9bdbc40_0, 0;
    %pushi/vec4 0, 0, 1;
    %assign/vec4 v0x5570c9bdbd10_0, 0;
    %pushi/vec4 0, 0, 1;
    %assign/vec4 v0x5570c9bdbef0_0, 0;
    %pushi/vec4 0, 0, 1;
    %assign/vec4 v0x5570c9bdbfc0_0, 0;
    %pushi/vec4 0, 0, 1;
    %assign/vec4 v0x5570c9bdc090_0, 0;
    %load/vec4 v0x5570c9bdb6c0_0;
    %cmpi/e 7, 0, 3;
    %jmp/0xz  T_8.5, 4;
    %pushi/vec4 1, 0, 1;
    %assign/vec4 v0x5570c9bdb5f0_0, 0;
    %pushi/vec4 1, 0, 2;
    %assign/vec4 v0x5570c9bdc650_0, 0;
    %pushi/vec4 0, 0, 1;
    %assign/vec4 v0x5570c9bdb4b0_0, 0;
    %pushi/vec4 0, 0, 1;
    %assign/vec4 v0x5570c9bdc5b0_0, 0;
    %jmp T_8.6;
T_8.5 ;
    %load/vec4 v0x5570c9bdb6c0_0;
    %cmpi/e 5, 0, 3;
    %jmp/0xz  T_8.7, 4;
    %pushi/vec4 1, 0, 1;
    %assign/vec4 v0x5570c9bdb5f0_0, 0;
    %pushi/vec4 3, 0, 2;
    %assign/vec4 v0x5570c9bdc650_0, 0;
    %pushi/vec4 0, 0, 1;
    %assign/vec4 v0x5570c9bdb4b0_0, 0;
    %pushi/vec4 0, 0, 1;
    %assign/vec4 v0x5570c9bdc5b0_0, 0;
    %jmp T_8.8;
T_8.7 ;
    %load/vec4 v0x5570c9bdb6c0_0;
    %cmpi/e 0, 0, 3;
    %jmp/0xz  T_8.9, 4;
    %pushi/vec4 1, 0, 1;
    %assign/vec4 v0x5570c9bdb5f0_0, 0;
    %pushi/vec4 0, 0, 2;
    %assign/vec4 v0x5570c9bdc650_0, 0;
    %pushi/vec4 0, 0, 1;
    %assign/vec4 v0x5570c9bdb4b0_0, 0;
    %pushi/vec4 0, 0, 1;
    %assign/vec4 v0x5570c9bdc5b0_0, 0;
    %jmp T_8.10;
T_8.9 ;
    %load/vec4 v0x5570c9bdb6c0_0;
    %cmpi/e 1, 0, 3;
    %jmp/0xz  T_8.11, 4;
    %pushi/vec4 1, 0, 1;
    %assign/vec4 v0x5570c9bdb5f0_0, 0;
    %pushi/vec4 0, 0, 2;
    %assign/vec4 v0x5570c9bdc650_0, 0;
    %pushi/vec4 1, 0, 1;
    %assign/vec4 v0x5570c9bdb4b0_0, 0;
    %pushi/vec4 0, 0, 1;
    %assign/vec4 v0x5570c9bdc5b0_0, 0;
    %jmp T_8.12;
T_8.11 ;
    %load/vec4 v0x5570c9bdb6c0_0;
    %cmpi/e 2, 0, 3;
    %jmp/0xz  T_8.13, 4;
    %pushi/vec4 0, 0, 1;
    %assign/vec4 v0x5570c9bdb5f0_0, 0;
    %pushi/vec4 0, 0, 2;
    %assign/vec4 v0x5570c9bdc650_0, 0;
    %pushi/vec4 0, 0, 1;
    %assign/vec4 v0x5570c9bdb4b0_0, 0;
    %pushi/vec4 0, 0, 1;
    %assign/vec4 v0x5570c9bdc5b0_0, 0;
    %jmp T_8.14;
T_8.13 ;
    %load/vec4 v0x5570c9bdb6c0_0;
    %cmpi/e 4, 0, 3;
    %jmp/0xz  T_8.15, 4;
    %pushi/vec4 1, 0, 1;
    %assign/vec4 v0x5570c9bdb5f0_0, 0;
    %pushi/vec4 1, 0, 2;
    %assign/vec4 v0x5570c9bdc650_0, 0;
    %pushi/vec4 0, 0, 1;
    %assign/vec4 v0x5570c9bdb4b0_0, 0;
    %pushi/vec4 1, 0, 1;
    %assign/vec4 v0x5570c9bdc5b0_0, 0;
T_8.15 ;
T_8.14 ;
T_8.12 ;
T_8.10 ;
T_8.8 ;
T_8.6 ;
    %jmp T_8.4;
T_8.1 ;
    %pushi/vec4 1, 0, 1;
    %assign/vec4 v0x5570c9bdb050_0, 0;
    %load/vec4 v0x5570c9bdc650_0;
    %cmpi/e 0, 0, 2;
    %flag_mov 8, 4;
    %load/vec4 v0x5570c9bdc650_0;
    %pushi/vec4 2, 0, 2;
    %cmp/e;
    %flag_get/vec4 4;
    %load/vec4 v0x5570c9bdc5b0_0;
    %pad/u 32;
    %pushi/vec4 1, 0, 32;
    %cmp/e;
    %flag_get/vec4 4;
    %and;
    %flag_set/vec4 9;
    %flag_or 9, 8;
    %jmp/0xz  T_8.17, 9;
    %pushi/vec4 0, 0, 1;
    %assign/vec4 v0x5570c9bdb2f0_0, 0;
    %pushi/vec4 0, 0, 1;
    %assign/vec4 v0x5570c9bdc230_0, 0;
    %load/vec4 v0x5570c9bdb830_0;
    %assign/vec4 v0x5570c9bdc300_0, 0;
    %jmp T_8.18;
T_8.17 ;
    %load/vec4 v0x5570c9bdc650_0;
    %cmpi/e 1, 0, 2;
    %flag_mov 8, 4;
    %pushi/vec4 1, 0, 1;
    %flag_set/vec4 9;
    %flag_or 9, 8;
    %jmp/0xz  T_8.19, 9;
    %pushi/vec4 0, 0, 1;
    %assign/vec4 v0x5570c9bdb2f0_0, 0;
    %pushi/vec4 0, 0, 1;
    %assign/vec4 v0x5570c9bdc230_0, 0;
    %pushi/vec4 0, 0, 8;
    %assign/vec4 v0x5570c9bdc300_0, 0;
T_8.19 ;
T_8.18 ;
    %jmp T_8.4;
T_8.2 ;
    %pushi/vec4 0, 0, 1;
    %assign/vec4 v0x5570c9bdb050_0, 0;
    %pushi/vec4 1, 0, 1;
    %assign/vec4 v0x5570c9bdc160_0, 0;
    %load/vec4 v0x5570c9bdc650_0;
    %cmpi/ne 3, 0, 2;
    %jmp/0xz  T_8.21, 4;
    %pushi/vec4 0, 0, 1;
    %assign/vec4 v0x5570c9bdb2f0_0, 0;
    %pushi/vec4 0, 0, 1;
    %assign/vec4 v0x5570c9bdc230_0, 0;
    %load/vec4 v0x5570c9bdb900_0;
    %assign/vec4 v0x5570c9bdc300_0, 0;
    %jmp T_8.22;
T_8.21 ;
    %pushi/vec4 1, 0, 1;
    %assign/vec4 v0x5570c9bdb2f0_0, 0;
    %pushi/vec4 0, 0, 1;
    %assign/vec4 v0x5570c9bdc230_0, 0;
T_8.22 ;
    %load/vec4 v0x5570c9bdb4b0_0;
    %pad/u 32;
    %cmpi/e 1, 0, 32;
    %jmp/0xz  T_8.23, 4;
    %pushi/vec4 1, 0, 1;
    %assign/vec4 v0x5570c9bdb550_0, 0;
T_8.23 ;
    %jmp T_8.4;
T_8.3 ;
    %pushi/vec4 0, 0, 1;
    %assign/vec4 v0x5570c9bdb550_0, 0;
    %pushi/vec4 0, 0, 1;
    %assign/vec4 v0x5570c9bdc160_0, 0;
    %pushi/vec4 0, 0, 1;
    %assign/vec4 v0x5570c9bdb2f0_0, 0;
    %pushi/vec4 1, 0, 1;
    %assign/vec4 v0x5570c9bdc230_0, 0;
    %pushi/vec4 3, 3, 2;
    %store/vec4 v0x5570c9bdc650_0, 0, 2;
    %load/vec4 v0x5570c9bdb760_0;
    %parti/s 1, 7, 4;
    %store/vec4 v0x5570c9bdb9d0_0, 0, 1;
    %load/vec4 v0x5570c9bdb760_0;
    %parti/s 1, 6, 4;
    %store/vec4 v0x5570c9bdbaa0_0, 0, 1;
    %load/vec4 v0x5570c9bdb760_0;
    %parti/s 1, 5, 4;
    %store/vec4 v0x5570c9bdbb70_0, 0, 1;
    %load/vec4 v0x5570c9bdb760_0;
    %parti/s 1, 4, 4;
    %store/vec4 v0x5570c9bdbc40_0, 0, 1;
    %load/vec4 v0x5570c9bdb760_0;
    %parti/s 1, 3, 3;
    %store/vec4 v0x5570c9bdbd10_0, 0, 1;
    %load/vec4 v0x5570c9bdb760_0;
    %parti/s 1, 2, 3;
    %store/vec4 v0x5570c9bdbef0_0, 0, 1;
    %load/vec4 v0x5570c9bdb760_0;
    %parti/s 1, 1, 2;
    %store/vec4 v0x5570c9bdbfc0_0, 0, 1;
    %load/vec4 v0x5570c9bdb760_0;
    %parti/s 1, 0, 2;
    %store/vec4 v0x5570c9bdc090_0, 0, 1;
    %jmp T_8.4;
T_8.4 ;
    %pop/vec4 1;
    %jmp T_8;
    .thread T_8, $push;
    .scope S_0x5570c9bd8750;
T_9 ;
    %wait E_0x5570c9bba590;
    %load/vec4 v0x5570c9bd8c90_0;
    %pad/u 32;
    %cmpi/e 1, 0, 32;
    %jmp/0xz  T_9.0, 4;
    %load/vec4 v0x5570c9bd8bc0_0;
    %assign/vec4 v0x5570c9bd8ab0_0, 0;
    %jmp T_9.1;
T_9.0 ;
    %load/vec4 v0x5570c9bd94d0_0;
    %pad/u 32;
    %cmpi/e 1, 0, 32;
    %jmp/0xz  T_9.2, 4;
    %load/vec4 v0x5570c9bd8d60_0;
    %assign/vec4 v0x5570c9bd8ab0_0, 0;
    %jmp T_9.3;
T_9.2 ;
    %load/vec4 v0x5570c9bd9570_0;
    %cmpi/e 128, 0, 8;
    %jmp/0xz  T_9.4, 4;
    %load/vec4 v0x5570c9bd8e30_0;
    %assign/vec4 v0x5570c9bd8ab0_0, 0;
    %jmp T_9.5;
T_9.4 ;
    %load/vec4 v0x5570c9bd9570_0;
    %cmpi/e 64, 0, 8;
    %jmp/0xz  T_9.6, 4;
    %load/vec4 v0x5570c9bd8f20_0;
    %assign/vec4 v0x5570c9bd8ab0_0, 0;
    %jmp T_9.7;
T_9.6 ;
    %load/vec4 v0x5570c9bd9570_0;
    %cmpi/e 32, 0, 8;
    %jmp/0xz  T_9.8, 4;
    %load/vec4 v0x5570c9bd8ff0_0;
    %assign/vec4 v0x5570c9bd8ab0_0, 0;
    %jmp T_9.9;
T_9.8 ;
    %load/vec4 v0x5570c9bd9570_0;
    %cmpi/e 16, 0, 8;
    %jmp/0xz  T_9.10, 4;
    %load/vec4 v0x5570c9bd90c0_0;
    %assign/vec4 v0x5570c9bd8ab0_0, 0;
    %jmp T_9.11;
T_9.10 ;
    %load/vec4 v0x5570c9bd9570_0;
    %cmpi/e 8, 0, 8;
    %jmp/0xz  T_9.12, 4;
    %load/vec4 v0x5570c9bd9190_0;
    %assign/vec4 v0x5570c9bd8ab0_0, 0;
    %jmp T_9.13;
T_9.12 ;
    %load/vec4 v0x5570c9bd9570_0;
    %cmpi/e 4, 0, 8;
    %jmp/0xz  T_9.14, 4;
    %load/vec4 v0x5570c9bd9260_0;
    %assign/vec4 v0x5570c9bd8ab0_0, 0;
    %jmp T_9.15;
T_9.14 ;
    %load/vec4 v0x5570c9bd9570_0;
    %cmpi/e 2, 0, 8;
    %jmp/0xz  T_9.16, 4;
    %load/vec4 v0x5570c9bd9330_0;
    %assign/vec4 v0x5570c9bd8ab0_0, 0;
    %jmp T_9.17;
T_9.16 ;
    %load/vec4 v0x5570c9bd9570_0;
    %cmpi/e 1, 0, 8;
    %jmp/0xz  T_9.18, 4;
    %load/vec4 v0x5570c9bd9400_0;
    %assign/vec4 v0x5570c9bd8ab0_0, 0;
    %jmp T_9.19;
T_9.18 ;
    %pushi/vec4 0, 0, 16;
    %assign/vec4 v0x5570c9bd8ab0_0, 0;
T_9.19 ;
T_9.17 ;
T_9.15 ;
T_9.13 ;
T_9.11 ;
T_9.9 ;
T_9.7 ;
T_9.5 ;
T_9.3 ;
T_9.1 ;
    %jmp T_9;
    .thread T_9, $push;
    .scope S_0x5570c9bd9810;
T_10 ;
    %wait E_0x5570c9bd9a40;
    %load/vec4 v0x5570c9bd9c70_0;
    %dup/vec4;
    %pushi/vec4 1, 0, 1;
    %cmp/u;
    %jmp/1 T_10.0, 6;
    %dup/vec4;
    %pushi/vec4 0, 0, 1;
    %cmp/u;
    %jmp/1 T_10.1, 6;
    %jmp T_10.2;
T_10.0 ;
    %load/vec4 v0x5570c9bd9ac0_0;
    %load/vec4 v0x5570c9bd9bd0_0;
    %add;
    %store/vec4 v0x5570c9bd9d40_0, 0, 16;
    %jmp T_10.2;
T_10.1 ;
    %load/vec4 v0x5570c9bd9ac0_0;
    %load/vec4 v0x5570c9bd9bd0_0;
    %and;
    %inv;
    %store/vec4 v0x5570c9bd9d40_0, 0, 16;
    %jmp T_10.2;
T_10.2 ;
    %pop/vec4 1;
    %jmp T_10;
    .thread T_10, $push;
    .scope S_0x5570c9bd4880;
T_11 ;
    %wait E_0x5570c9b6fba0;
    %load/vec4 v0x5570c9bd4b80_0;
    %flag_set/vec4 8;
    %jmp/0xz  T_11.0, 8;
    %load/vec4 v0x5570c9bd4c40_0;
    %assign/vec4 v0x5570c9bd4d10_0, 0;
T_11.0 ;
    %jmp T_11;
    .thread T_11;
    .scope S_0x5570c9bd4e80;
T_12 ;
    %wait E_0x5570c9b6fba0;
    %load/vec4 v0x5570c9bd5120_0;
    %flag_set/vec4 8;
    %jmp/0xz  T_12.0, 8;
    %load/vec4 v0x5570c9bd51e0_0;
    %assign/vec4 v0x5570c9bd5300_0, 0;
T_12.0 ;
    %jmp T_12;
    .thread T_12;
    .scope S_0x5570c9bd5460;
T_13 ;
    %wait E_0x5570c9b6fba0;
    %load/vec4 v0x5570c9bd5750_0;
    %flag_set/vec4 8;
    %jmp/0xz  T_13.0, 8;
    %load/vec4 v0x5570c9bd5810_0;
    %assign/vec4 v0x5570c9bd58b0_0, 0;
T_13.0 ;
    %jmp T_13;
    .thread T_13;
    .scope S_0x5570c9bd5a40;
T_14 ;
    %wait E_0x5570c9b6fba0;
    %load/vec4 v0x5570c9bd5c90_0;
    %flag_set/vec4 8;
    %jmp/0xz  T_14.0, 8;
    %load/vec4 v0x5570c9bd5d50_0;
    %assign/vec4 v0x5570c9bd5e20_0, 0;
T_14.0 ;
    %jmp T_14;
    .thread T_14;
    .scope S_0x5570c9bd5fb0;
T_15 ;
    %wait E_0x5570c9b6fba0;
    %load/vec4 v0x5570c9bd6270_0;
    %flag_set/vec4 8;
    %jmp/0xz  T_15.0, 8;
    %load/vec4 v0x5570c9bd6330_0;
    %assign/vec4 v0x5570c9bd6400_0, 0;
T_15.0 ;
    %jmp T_15;
    .thread T_15;
    .scope S_0x5570c9bd6590;
T_16 ;
    %wait E_0x5570c9b6fba0;
    %load/vec4 v0x5570c9bd68a0_0;
    %flag_set/vec4 8;
    %jmp/0xz  T_16.0, 8;
    %load/vec4 v0x5570c9bd6960_0;
    %assign/vec4 v0x5570c9bd6a30_0, 0;
T_16.0 ;
    %jmp T_16;
    .thread T_16;
    .scope S_0x5570c9bd6bc0;
T_17 ;
    %wait E_0x5570c9b6fba0;
    %load/vec4 v0x5570c9bd6f60_0;
    %flag_set/vec4 8;
    %jmp/0xz  T_17.0, 8;
    %load/vec4 v0x5570c9bd7020_0;
    %assign/vec4 v0x5570c9bd70f0_0, 0;
T_17.0 ;
    %jmp T_17;
    .thread T_17;
    .scope S_0x5570c9bd7280;
T_18 ;
    %wait E_0x5570c9b6fba0;
    %load/vec4 v0x5570c9bd7540_0;
    %flag_set/vec4 8;
    %jmp/0xz  T_18.0, 8;
    %load/vec4 v0x5570c9bd7600_0;
    %assign/vec4 v0x5570c9bd76d0_0, 0;
T_18.0 ;
    %jmp T_18;
    .thread T_18;
    .scope S_0x5570c9bd44a0;
T_19 ;
    %wait E_0x5570c9b6fba0;
    %load/vec4 v0x5570c9bb7160_0;
    %flag_set/vec4 8;
    %jmp/0xz  T_19.0, 8;
    %load/vec4 v0x5570c9b38350_0;
    %assign/vec4 v0x5570c9bd46f0_0, 0;
T_19.0 ;
    %jmp T_19;
    .thread T_19;
    .scope S_0x5570c9b7fe60;
T_20 ;
    %wait E_0x5570c9b6fba0;
    %load/vec4 v0x5570c9bb5860_0;
    %flag_set/vec4 8;
    %jmp/0xz  T_20.0, 8;
    %load/vec4 v0x5570c9bb5360_0;
    %assign/vec4 v0x5570c9bb4ef0_0, 0;
T_20.0 ;
    %jmp T_20;
    .thread T_20;
    .scope S_0x5570c9b76840;
T_21 ;
    %wait E_0x5570c9b37680;
    %load/vec4 v0x5570c9bdcb70_0;
    %assign/vec4 v0x5570c9bdd530_0, 0;
    %jmp T_21;
    .thread T_21, $push;
    .scope S_0x5570c9b76840;
T_22 ;
    %wait E_0x5570c9bba410;
    %load/vec4 v0x5570c9bdcf50_0;
    %parti/s 1, 15, 5;
    %load/vec4 v0x5570c9bdcf50_0;
    %parti/s 1, 14, 5;
    %concat/vec4; draw_concat_vec4
    %load/vec4 v0x5570c9bdcf50_0;
    %parti/s 1, 13, 5;
    %concat/vec4; draw_concat_vec4
    %load/vec4 v0x5570c9bdcf50_0;
    %parti/s 1, 12, 5;
    %concat/vec4; draw_concat_vec4
    %load/vec4 v0x5570c9bdcf50_0;
    %parti/s 1, 11, 5;
    %concat/vec4; draw_concat_vec4
    %load/vec4 v0x5570c9bdcf50_0;
    %parti/s 1, 10, 5;
    %concat/vec4; draw_concat_vec4
    %load/vec4 v0x5570c9bdcf50_0;
    %parti/s 1, 9, 5;
    %concat/vec4; draw_concat_vec4
    %load/vec4 v0x5570c9bdcf50_0;
    %parti/s 1, 8, 5;
    %concat/vec4; draw_concat_vec4
    %load/vec4 v0x5570c9bdcf50_0;
    %parti/s 1, 7, 4;
    %concat/vec4; draw_concat_vec4
    %assign/vec4 v0x5570c9bdd010_0, 0;
    %jmp T_22;
    .thread T_22, $push;
    .scope S_0x5570c9b766b0;
T_23 ;
    %pushi/vec4 0, 0, 1;
    %store/vec4 v0x5570c9bdef10_0, 0, 1;
    %pushi/vec4 1, 0, 1;
    %store/vec4 v0x5570c9bdf0a0_0, 0, 1;
    %end;
    .thread T_23;
    .scope S_0x5570c9b766b0;
T_24 ;
    %delay 1, 0;
    %load/vec4 v0x5570c9bdef10_0;
    %nor/r;
    %store/vec4 v0x5570c9bdef10_0, 0, 1;
    %jmp T_24;
    .thread T_24;
    .scope S_0x5570c9b766b0;
T_25 ;
    %vpi_call 2 8 "$dumpfile", "testbench.vcd" {0 0 0};
    %end;
    .thread T_25;
    .scope S_0x5570c9b766b0;
T_26 ;
    %vpi_call 2 9 "$dumpvars", 32'sb00000000000000000000000000000000, S_0x5570c9b766b0 {0 0 0};
    %end;
    .thread T_26;
    .scope S_0x5570c9b766b0;
T_27 ;
    %delay 0, 0;
    %pushi/vec4 0, 0, 1;
    %store/vec4 v0x5570c9bdf0a0_0, 0, 1;
    %delay 8, 0;
    %pushi/vec4 40988, 0, 16;
    %store/vec4 v0x5570c9bdefb0_0, 0, 16;
    %delay 8, 0;
    %pushi/vec4 41994, 0, 16;
    %store/vec4 v0x5570c9bdefb0_0, 0, 16;
    %delay 8, 0;
    %pushi/vec4 8320, 0, 16;
    %store/vec4 v0x5570c9bdefb0_0, 0, 16;
    %delay 8, 0;
    %pushi/vec4 32768, 0, 16;
    %store/vec4 v0x5570c9bdefb0_0, 0, 16;
    %delay 8, 0;
    %vpi_call 2 17 "$finish" {0 0 0};
    %end;
    .thread T_27;
# The file index is used to find the file name in the following table.
:file_names 12;
    "N/A";
    "<interactive>";
    "testbench.v";
    "./processador.v";
    "./registrador.v";
    "./compl2.v";
    "./contador.v";
    "./extensor.vl";
    "./mux.vl";
    "./ula.vl";
    "./unidade_controle.v";
    "./decodificador.v";
